2022-11-25T15:13:40.812+0800	WARN	go-java-jar-encryption/main.go:11	---
2022-11-25 15:34:21	INFO	go-java-jar-encryption/main.go:11	å¯åŠ¨ä¸­.............
2022-11-25 15:34:26	INFO	go-java-jar-encryption/main.go:20	å¯åŠ¨å¤±è´¥.............
2022-11-25 15:34:33	INFO	go-java-jar-encryption/main.go:11	å¯åŠ¨ä¸­.............
2022-11-25 15:34:35	INFO	go-java-jar-encryption/main.go:20	å¯åŠ¨å¤±è´¥.............
2022-11-25 15:35:27	INFO	go-java-jar-encryption/main.go:18	å¯åŠ¨å®Œæˆ.............
2022-11-25 15:35:55	INFO	go-java-jar-encryption/main.go:18	å¯åŠ¨å®Œæˆ.............
2022-11-25 15:35:57	INFO	go-java-jar-encryption/main.go:20	æœåŠ¡é€€å‡º.............
2022-11-25 15:37:13.961	INFO	go-java-jar-encryption/main.go:18	å¯åŠ¨å®Œæˆ.............
2022-11-25 15:37:18.158	INFO	go-java-jar-encryption/main.go:20	æœåŠ¡é€€å‡º.............
2022-11-25 15:41:39.391	[34mINFO[0m	go-java-jar-encryption/main.go:18	å¯åŠ¨å®Œæˆ.............
2022-11-25 15:41:42.048	[34mINFO[0m	go-java-jar-encryption/main.go:20	æœåŠ¡é€€å‡º.............
2022-11-25 15:54:32.433	[34mINFO[0m	go-java-jar-encryption/main.go:18	å¯åŠ¨å®Œæˆ.............
2022-11-25 15:54:32.433	[31mERROR[0m	go-java-jar-encryption/main.go:19	å¯åŠ¨å®Œæˆ.............
2022-11-25 15:54:35.008	[34mINFO[0m	go-java-jar-encryption/main.go:21	æœåŠ¡é€€å‡º.............
2022-11-25 16:01:27.814	[34mINFO[0m	go-java-jar-encryption/main.go:18	å¯åŠ¨å®Œæˆ.............
2022-11-25 16:01:39.181	[34mINFO[0m	go-java-jar-encryption/main.go:20	æœåŠ¡é€€å‡º.............
2022-11-25 16:12:57.872	[34mINFO[0m	go-java-jar-encryption/main.go:20	å¯åŠ¨å®Œæˆ.............
2022-11-25 16:13:01.154	[34mINFO[0m	go-java-jar-encryption/main.go:22	æœåŠ¡é€€å‡º.............
2022-11-25 16:18:27.179	[34mINFO[0m	go-java-jar-encryption/main.go:22	å¯åŠ¨å®Œæˆ.............
2022-11-25 16:18:28.877	[34mINFO[0m	go-java-jar-encryption/main.go:24	æœåŠ¡é€€å‡º.............
2022-11-25 16:24:03.533	[34mINFO[0m	go-java-jar-encryption/main.go:23	å¯åŠ¨å®Œæˆ.............
2022-11-25 16:27:53.822	[34mINFO[0m	go-java-jar-encryption/main.go:24	å¯åŠ¨å®Œæˆ.............
2022-11-25 16:27:57.321	[34mINFO[0m	go-java-jar-encryption/main.go:26	æœåŠ¡é€€å‡º.............
2022-11-25 16:28:05.306	[34mINFO[0m	go-java-jar-encryption/main.go:24	å¯åŠ¨å®Œæˆ.............
2022-11-25 16:28:09.071	[34mINFO[0m	go-java-jar-encryption/main.go:26	æœåŠ¡é€€å‡º.............
2022-11-25 16:29:57.128	[34mINFO[0m	go-java-jar-encryption/main.go:24	å¯åŠ¨å®Œæˆ.............
2022-11-25 16:29:59.994	[34mINFO[0m	go-java-jar-encryption/main.go:26	æœåŠ¡é€€å‡º.............
2022-11-25 17:07:11.839	[34mINFO[0m	go-java-jar-encryption/main.go:30	å¯åŠ¨å®Œæˆ.............
2022-11-25 17:07:14.454	[34mINFO[0m	go-java-jar-encryption/main.go:32	æœåŠ¡é€€å‡º.............
2022-11-25 17:09:59.208	[34mINFO[0m	go-java-jar-encryption/main.go:30	å¯åŠ¨å®Œæˆ.............
2022-11-25 17:10:01.354	[34mINFO[0m	go-java-jar-encryption/main.go:32	æœåŠ¡é€€å‡º.............
2022-11-25 17:14:59.046	[34mINFO[0m	go-java-jar-encryption/main.go:30	å¯åŠ¨å®Œæˆ.............
2022-11-25 17:18:06.164	[34mINFO[0m	go-java-jar-encryption/main.go:24	å¯åŠ¨å®Œæˆ.............
2022-11-25 17:18:12.164	[34mINFO[0m	go-java-jar-encryption/main.go:26	æœåŠ¡é€€å‡º.............
2022-11-25 17:19:30.686	[34mINFO[0m	go-java-jar-encryption/main.go:24	å¯åŠ¨å®Œæˆ.............
2022-11-25 17:19:33.804	[34mINFO[0m	go-java-jar-encryption/main.go:26	æœåŠ¡é€€å‡º.............
2022-11-25 17:20:25.627	[34mINFO[0m	go-java-jar-encryption/main.go:24	å¯åŠ¨å®Œæˆ.............
2022-11-25 17:20:29.137	[34mINFO[0m	go-java-jar-encryption/main.go:26	æœåŠ¡é€€å‡º.............
2022-11-25 17:21:27.839	[34mINFO[0m	go-java-jar-encryption/main.go:24	å¯åŠ¨å®Œæˆ.............
2022-11-25 17:21:31.054	[34mINFO[0m	go-java-jar-encryption/main.go:26	æœåŠ¡é€€å‡º.............
2022-11-25 17:22:30.690	[34mINFO[0m	go-java-jar-encryption/main.go:24	å¯åŠ¨å®Œæˆ.............
2022-11-25 17:22:32.537	[34mINFO[0m	go-java-jar-encryption/main.go:26	æœåŠ¡é€€å‡º.............
2022-11-25 17:23:59.113	[34mINFO[0m	go-java-jar-encryption/main.go:24	å¯åŠ¨å®Œæˆ.............
2022-11-25 17:24:03.080	[34mINFO[0m	go-java-jar-encryption/main.go:26	æœåŠ¡é€€å‡º.............
2022-11-25 17:32:52.159	[34mINFO[0m	go-java-jar-encryption/main.go:24	å¯åŠ¨å®Œæˆ.............
2022-11-25 17:32:54.547	[34mINFO[0m	go-java-jar-encryption/main.go:26	æœåŠ¡é€€å‡º.............
2022-11-25 17:37:49.845	[34mINFO[0m	go-java-jar-encryption/main.go:24	å¯åŠ¨å®Œæˆ.............
2022-11-25 17:37:51.834	[34mINFO[0m	go-java-jar-encryption/main.go:26	æœåŠ¡é€€å‡º.............
2022-11-25 17:37:54.699	[34mINFO[0m	go-java-jar-encryption/main.go:24	å¯åŠ¨å®Œæˆ.............
2022-11-25 17:37:56.597	[34mINFO[0m	go-java-jar-encryption/main.go:26	æœåŠ¡é€€å‡º.............
2022-11-25 17:37:59.319	[34mINFO[0m	go-java-jar-encryption/main.go:24	å¯åŠ¨å®Œæˆ.............
2022-11-25 17:38:00.574	[34mINFO[0m	go-java-jar-encryption/main.go:26	æœåŠ¡é€€å‡º.............
2022-11-25 17:38:03.450	[34mINFO[0m	go-java-jar-encryption/main.go:24	å¯åŠ¨å®Œæˆ.............
2022-11-25 17:38:04.834	[34mINFO[0m	go-java-jar-encryption/main.go:26	æœåŠ¡é€€å‡º.............
2022-11-25 17:38:07.965	[34mINFO[0m	go-java-jar-encryption/main.go:24	å¯åŠ¨å®Œæˆ.............
2022-11-25 17:38:09.747	[34mINFO[0m	go-java-jar-encryption/main.go:26	æœåŠ¡é€€å‡º.............
2022-11-25 17:38:31.718	[34mINFO[0m	go-java-jar-encryption/main.go:24	å¯åŠ¨å®Œæˆ.............
2022-11-25 17:38:34.327	[34mINFO[0m	go-java-jar-encryption/main.go:26	æœåŠ¡é€€å‡º.............
2022-11-25 17:38:37.770	[34mINFO[0m	go-java-jar-encryption/main.go:24	å¯åŠ¨å®Œæˆ.............
2022-11-25 17:38:39.684	[34mINFO[0m	go-java-jar-encryption/main.go:26	æœåŠ¡é€€å‡º.............
2022-11-25 17:38:42.540	[34mINFO[0m	go-java-jar-encryption/main.go:24	å¯åŠ¨å®Œæˆ.............
2022-11-25 17:38:44.564	[34mINFO[0m	go-java-jar-encryption/main.go:26	æœåŠ¡é€€å‡º.............
2022-11-25 17:38:47.293	[34mINFO[0m	go-java-jar-encryption/main.go:24	å¯åŠ¨å®Œæˆ.............
2022-11-25 17:38:48.854	[34mINFO[0m	go-java-jar-encryption/main.go:26	æœåŠ¡é€€å‡º.............
2022-11-25 17:40:21.442	[34mINFO[0m	go-java-jar-encryption/main.go:24	å¯åŠ¨å®Œæˆ.............
2022-11-25 17:40:23.860	[34mINFO[0m	go-java-jar-encryption/main.go:26	æœåŠ¡é€€å‡º.............
2022-11-25 17:41:35.730	[34mINFO[0m	go-java-jar-encryption/main.go:30	å¯åŠ¨å®Œæˆ.............
2022-11-25 17:41:37.774	[34mINFO[0m	go-java-jar-encryption/main.go:32	æœåŠ¡é€€å‡º.............
2022-11-25 17:41:40.467	[34mINFO[0m	go-java-jar-encryption/main.go:30	å¯åŠ¨å®Œæˆ.............
2022-11-25 17:41:42.184	[34mINFO[0m	go-java-jar-encryption/main.go:32	æœåŠ¡é€€å‡º.............
2022-11-25 17:41:45.492	[34mINFO[0m	go-java-jar-encryption/main.go:30	å¯åŠ¨å®Œæˆ.............
2022-11-25 17:41:47.277	[34mINFO[0m	go-java-jar-encryption/main.go:32	æœåŠ¡é€€å‡º.............
2022-11-25 17:42:04.413	[34mINFO[0m	go-java-jar-encryption/main.go:24	å¯åŠ¨å®Œæˆ.............
2022-11-25 17:42:07.154	[34mINFO[0m	go-java-jar-encryption/main.go:26	æœåŠ¡é€€å‡º.............
2022-11-25 17:42:10.397	[34mINFO[0m	go-java-jar-encryption/main.go:24	å¯åŠ¨å®Œæˆ.............
2022-11-25 17:42:12.107	[34mINFO[0m	go-java-jar-encryption/main.go:26	æœåŠ¡é€€å‡º.............
2022-11-25 17:42:14.886	[34mINFO[0m	go-java-jar-encryption/main.go:24	å¯åŠ¨å®Œæˆ.............
2022-11-25 17:42:16.554	[34mINFO[0m	go-java-jar-encryption/main.go:26	æœåŠ¡é€€å‡º.............
2022-11-25 17:42:19.413	[34mINFO[0m	go-java-jar-encryption/main.go:24	å¯åŠ¨å®Œæˆ.............
2022-11-25 17:42:21.617	[34mINFO[0m	go-java-jar-encryption/main.go:26	æœåŠ¡é€€å‡º.............
2022-11-25 17:56:35.407	[34mINFO[0m	go-java-jar-encryption/main.go:23	å¯åŠ¨å®Œæˆ.............
2022-11-25 17:56:39.250	[34mINFO[0m	go-java-jar-encryption/main.go:25	æœåŠ¡é€€å‡º.............
2022-11-25 17:59:06.492	[34mINFO[0m	go-java-jar-encryption/main.go:21	å¯åŠ¨å®Œæˆ.............
2022-11-25 17:59:08.267	[34mINFO[0m	go-java-jar-encryption/main.go:25	æœåŠ¡é€€å‡º.............
2022-11-25 18:16:29.370	[34mINFO[0m	go-java-jar-encryption/main.go:21	å¯åŠ¨å®Œæˆ.............
2022-11-25 18:16:34.640	[34mINFO[0m	go-java-jar-encryption/main.go:25	æœåŠ¡é€€å‡º.............
2022-11-25 18:17:14.378	[34mINFO[0m	go-java-jar-encryption/main.go:21	å¯åŠ¨å®Œæˆ.............
2022-11-25 18:17:16.363	[34mINFO[0m	go-java-jar-encryption/main.go:25	æœåŠ¡é€€å‡º.............
2022-11-25 18:34:46.602	[34mINFO[0m	go-java-jar-encryption/main.go:21	å¯åŠ¨å®Œæˆ.............
2022-11-25 18:35:09.693	[34mINFO[0m	go-java-jar-encryption/main.go:25	æœåŠ¡é€€å‡º.............
2022-11-25 19:39:14.434	[34mINFO[0m	go-java-jar-encryption/main.go:21	å¯åŠ¨å®Œæˆ.............
2022-11-25 19:39:43.793	[34mINFO[0m	go-java-jar-encryption/main.go:25	æœåŠ¡é€€å‡º.............
2022-11-25 19:40:32.608	[34mINFO[0m	go-java-jar-encryption/main.go:21	å¯åŠ¨å®Œæˆ.............
2022-11-25 19:41:02.083	[34mINFO[0m	go-java-jar-encryption/main.go:25	æœåŠ¡é€€å‡º.............
2022-11-25 19:43:29.914	[34mINFO[0m	go-java-jar-encryption/main.go:21	å¯åŠ¨å®Œæˆ.............
2022-11-25 19:43:40.748	[34mINFO[0m	layout/layout_base.go:22	åŸå§‹JARåŒ…åœ°å€ï¼šfile:///home/kongling/æ¡Œé¢/fishing_go/renren-admin.jar
2022-11-25 19:43:54.523	[34mINFO[0m	go-java-jar-encryption/main.go:26	æœåŠ¡é€€å‡º.............
2022-11-25 19:44:14.031	[34mINFO[0m	go-java-jar-encryption/main.go:21	å¯åŠ¨å®Œæˆ.............
2022-11-25 19:44:29.081	[34mINFO[0m	layout/layout_base.go:22	åŸå§‹JARåŒ…åœ°å€ï¼š/home/kongling/æ¡Œé¢/fishing_go/renren-admin.jar
2022-11-25 19:44:32.753	[34mINFO[0m	go-java-jar-encryption/main.go:26	æœåŠ¡é€€å‡º.............
2022-11-25 19:45:56.001	[34mINFO[0m	go-java-jar-encryption/main.go:21	å¯åŠ¨å®Œæˆ.............
2022-11-25 19:46:05.966	[34mINFO[0m	go-java-jar-encryption/main.go:26	æœåŠ¡é€€å‡º.............
2022-11-25 19:47:46.798	[34mINFO[0m	go-java-jar-encryption/main.go:21	å¯åŠ¨å®Œæˆ.............
2022-11-25 19:47:53.799	[34mINFO[0m	layout/layout_base.go:30	åŸå§‹JARåŒ…åœ°å€ï¼š/home/kongling/æ¡Œé¢/fishing_go/renren-admin.jar
2022-11-25 19:48:03.086	[34mINFO[0m	go-java-jar-encryption/main.go:26	æœåŠ¡é€€å‡º.............
2022-11-25 19:48:32.233	[34mINFO[0m	go-java-jar-encryption/main.go:21	å¯åŠ¨å®Œæˆ.............
2022-11-25 19:48:34.717	[34mINFO[0m	layout/layout_base.go:26	ç”¨æˆ·å–æ¶ˆé€‰æ‹©äº†
2022-11-25 19:48:39.959	[34mINFO[0m	go-java-jar-encryption/main.go:26	æœåŠ¡é€€å‡º.............
2022-11-25 19:51:37.375	[34mINFO[0m	go-java-jar-encryption/main.go:21	å¯åŠ¨å®Œæˆ.............
2022-11-25 19:51:42.429	[34mINFO[0m	go-java-jar-encryption/main.go:26	æœåŠ¡é€€å‡º.............
2022-11-25 19:54:00.424	[34mINFO[0m	go-java-jar-encryption/main.go:21	å¯åŠ¨å®Œæˆ.............
2022-11-25 19:54:03.416	[34mINFO[0m	go-java-jar-encryption/main.go:26	æœåŠ¡é€€å‡º.............
2022-11-25 19:54:42.845	[34mINFO[0m	go-java-jar-encryption/main.go:21	å¯åŠ¨å®Œæˆ.............
2022-11-25 19:54:46.999	[34mINFO[0m	go-java-jar-encryption/main.go:26	æœåŠ¡é€€å‡º.............
2022-11-25 19:57:09.880	[34mINFO[0m	go-java-jar-encryption/main.go:21	å¯åŠ¨å®Œæˆ.............
2022-11-25 19:57:12.026	[34mINFO[0m	go-java-jar-encryption/main.go:26	æœåŠ¡é€€å‡º.............
2022-11-25 19:57:30.994	[34mINFO[0m	go-java-jar-encryption/main.go:21	å¯åŠ¨å®Œæˆ.............
2022-11-25 19:57:40.145	[34mINFO[0m	layout/layout_base.go:31	åŸå§‹JARåŒ…åœ°å€ï¼š/home/kongling/æ¡Œé¢/fishing_go/renren-admin.jar
2022-11-25 19:57:54.766	[34mINFO[0m	go-java-jar-encryption/main.go:26	æœåŠ¡é€€å‡º.............
2022-11-25 20:00:03.814	[34mINFO[0m	go-java-jar-encryption/main.go:21	å¯åŠ¨å®Œæˆ.............
2022-11-25 20:00:10.183	[34mINFO[0m	go-java-jar-encryption/main.go:26	æœåŠ¡é€€å‡º.............
2022-11-25 20:00:38.108	[34mINFO[0m	go-java-jar-encryption/main.go:21	å¯åŠ¨å®Œæˆ.............
2022-11-25 20:00:43.436	[34mINFO[0m	go-java-jar-encryption/main.go:26	æœåŠ¡é€€å‡º.............
2022-11-25 20:01:14.692	[34mINFO[0m	go-java-jar-encryption/main.go:21	å¯åŠ¨å®Œæˆ.............
2022-11-25 20:01:17.356	[34mINFO[0m	go-java-jar-encryption/main.go:26	æœåŠ¡é€€å‡º.............
2022-11-25 20:07:04.212	[34mINFO[0m	go-java-jar-encryption/main.go:21	å¯åŠ¨å®Œæˆ.............
2022-11-25 20:07:09.399	[34mINFO[0m	go-java-jar-encryption/main.go:26	æœåŠ¡é€€å‡º.............
2022-11-25 20:08:09.305	[34mINFO[0m	go-java-jar-encryption/main.go:21	å¯åŠ¨å®Œæˆ.............
2022-11-25 20:08:12.096	[34mINFO[0m	go-java-jar-encryption/main.go:26	æœåŠ¡é€€å‡º.............
2022-11-25 20:08:32.966	[34mINFO[0m	go-java-jar-encryption/main.go:21	å¯åŠ¨å®Œæˆ.............
2022-11-25 20:08:36.953	[34mINFO[0m	go-java-jar-encryption/main.go:26	æœåŠ¡é€€å‡º.............
2022-11-25 20:12:29.902	[34mINFO[0m	go-java-jar-encryption/main.go:21	å¯åŠ¨å®Œæˆ.............
2022-11-25 20:12:40.354	[34mINFO[0m	layout/layout_base.go:31	åŸå§‹JARåŒ…åœ°å€ï¼š/home/kongling/æ¡Œé¢/fishing_go/renren-admin.jar
2022-11-25 20:12:48.253	[34mINFO[0m	layout/layout_base.go:27	ç”¨æˆ·å–æ¶ˆåŸå§‹jaråŒ…é€‰æ‹©
2022-11-25 20:12:53.983	[34mINFO[0m	go-java-jar-encryption/main.go:26	æœåŠ¡é€€å‡º.............
2022-11-25 20:13:13.870	[34mINFO[0m	go-java-jar-encryption/main.go:21	å¯åŠ¨å®Œæˆ.............
2022-11-25 20:13:20.121	[34mINFO[0m	layout/layout_base.go:31	åŸå§‹JARåŒ…åœ°å€ï¼š/home/kongling/æ¡Œé¢/fishing_go/renren-admin.jar
2022-11-25 20:13:30.606	[34mINFO[0m	go-java-jar-encryption/main.go:26	æœåŠ¡é€€å‡º.............
2022-11-25 20:13:57.846	[34mINFO[0m	go-java-jar-encryption/main.go:21	å¯åŠ¨å®Œæˆ.............
2022-11-25 20:14:03.514	[34mINFO[0m	layout/layout_base.go:31	åŸå§‹JARåŒ…åœ°å€ï¼š/home/kongling/æ¡Œé¢/fishing_go/renren-admin.jar
2022-11-25 20:14:06.646	[34mINFO[0m	go-java-jar-encryption/main.go:26	æœåŠ¡é€€å‡º.............
2022-11-25 20:18:58.677	[34mINFO[0m	go-java-jar-encryption/main.go:21	å¯åŠ¨å®Œæˆ.............
2022-11-25 20:19:05.044	[34mINFO[0m	layout/layout_base.go:32	åŸå§‹JARåŒ…åœ°å€ï¼š/home/kongling/æ¡Œé¢/fishing_go/renren-admin.jar
2022-11-25 20:19:18.063	[34mINFO[0m	go-java-jar-encryption/main.go:26	æœåŠ¡é€€å‡º.............
2022-11-25 20:21:13.331	[34mINFO[0m	go-java-jar-encryption/main.go:21	å¯åŠ¨å®Œæˆ.............
2022-11-25 20:21:25.531	[34mINFO[0m	layout/layout_base.go:32	åŸå§‹JARåŒ…åœ°å€ï¼š/home/kongling/æ¡Œé¢/fishing_go/shucang-agent.jar
2022-11-25 20:21:35.943	[34mINFO[0m	go-java-jar-encryption/main.go:26	æœåŠ¡é€€å‡º.............
2022-11-25 20:22:22.888	[34mINFO[0m	go-java-jar-encryption/main.go:21	å¯åŠ¨å®Œæˆ.............
2022-11-25 20:22:28.956	[34mINFO[0m	layout/layout_base.go:28	ç”¨æˆ·å–æ¶ˆåŸå§‹jaråŒ…é€‰æ‹©
2022-11-25 20:22:38.606	[34mINFO[0m	go-java-jar-encryption/main.go:26	æœåŠ¡é€€å‡º.............
2022-11-25 20:25:54.573	[34mINFO[0m	go-java-jar-encryption/main.go:21	å¯åŠ¨å®Œæˆ.............
2022-11-25 20:27:27.893	[34mINFO[0m	go-java-jar-encryption/main.go:21	å¯åŠ¨å®Œæˆ.............
2022-11-25 20:28:02.536	[34mINFO[0m	go-java-jar-encryption/main.go:26	æœåŠ¡é€€å‡º.............
2022-11-25 20:29:43.507	[34mINFO[0m	go-java-jar-encryption/main.go:21	å¯åŠ¨å®Œæˆ.............
2022-11-25 20:30:02.736	[34mINFO[0m	go-java-jar-encryption/main.go:26	æœåŠ¡é€€å‡º.............
2022-11-25 20:37:13.128	[34mINFO[0m	go-java-jar-encryption/main.go:21	å¯åŠ¨å®Œæˆ.............
2022-11-25 20:37:40.329	[34mINFO[0m	layout/layout_base.go:56	è¾“å‡ºç›®å½•åŠ å¯†JARåŒ…åœ°å€ï¼š/home/kongling/å›¾ç‰‡
2022-11-25 20:37:42.783	[34mINFO[0m	go-java-jar-encryption/main.go:26	æœåŠ¡é€€å‡º.............
2022-11-25 20:40:56.089	[34mINFO[0m	go-java-jar-encryption/main.go:21	å¯åŠ¨å®Œæˆ.............
2022-11-25 20:41:03.023	[34mINFO[0m	layout/layout_base.go:57	è¾“å‡ºç›®å½•åŠ å¯†JARåŒ…åœ°å€ï¼š/home/kongling/æ–‡æ¡£
2022-11-25 20:41:10.002	[34mINFO[0m	go-java-jar-encryption/main.go:26	æœåŠ¡é€€å‡º.............
2022-11-25 20:42:43.048	[34mINFO[0m	go-java-jar-encryption/main.go:21	å¯åŠ¨å®Œæˆ.............
2022-11-25 20:43:25.366	[34mINFO[0m	go-java-jar-encryption/main.go:26	æœåŠ¡é€€å‡º.............
2022-11-25 20:44:00.323	[34mINFO[0m	go-java-jar-encryption/main.go:21	å¯åŠ¨å®Œæˆ.............
2022-11-25 20:44:08.273	[34mINFO[0m	layout/layout_base.go:34	ç”¨æˆ·å–æ¶ˆåŸå§‹jaråŒ…é€‰æ‹©
2022-11-25 20:44:09.696	[34mINFO[0m	go-java-jar-encryption/main.go:26	æœåŠ¡é€€å‡º.............
2022-11-25 20:45:12.118	[34mINFO[0m	go-java-jar-encryption/main.go:21	å¯åŠ¨å®Œæˆ.............
2022-11-25 20:45:20.249	[34mINFO[0m	go-java-jar-encryption/main.go:26	æœåŠ¡é€€å‡º.............
2022-11-25 20:52:36.290	[34mINFO[0m	go-java-jar-encryption/main.go:21	å¯åŠ¨å®Œæˆ.............
2022-11-25 20:52:45.306	[34mINFO[0m	go-java-jar-encryption/main.go:26	æœåŠ¡é€€å‡º.............
2022-11-25 21:03:47.065	[34mINFO[0m	go-java-jar-encryption/main.go:21	å¯åŠ¨å®Œæˆ.............
2022-11-25 21:03:51.092	[34mINFO[0m	go-java-jar-encryption/main.go:26	æœåŠ¡é€€å‡º.............
2022-11-25 21:05:17.740	[34mINFO[0m	go-java-jar-encryption/main.go:21	å¯åŠ¨å®Œæˆ.............
2022-11-25 21:05:41.909	[34mINFO[0m	go-java-jar-encryption/main.go:26	æœåŠ¡é€€å‡º.............
2022-11-25 21:07:31.810	[34mINFO[0m	go-java-jar-encryption/main.go:21	å¯åŠ¨å®Œæˆ.............
2022-11-25 21:07:36.176	[34mINFO[0m	go-java-jar-encryption/main.go:26	æœåŠ¡é€€å‡º.............
2022-11-25 21:09:12.247	[34mINFO[0m	go-java-jar-encryption/main.go:21	å¯åŠ¨å®Œæˆ.............
2022-11-25 21:09:17.839	[34mINFO[0m	go-java-jar-encryption/main.go:26	æœåŠ¡é€€å‡º.............
2022-11-25 21:22:27.437	[34mINFO[0m	go-java-jar-encryption/main.go:21	å¯åŠ¨å®Œæˆ.............
2022-11-25 21:22:31.111	[34mINFO[0m	go-java-jar-encryption/main.go:26	æœåŠ¡é€€å‡º.............
2022-11-25 21:23:13.497	[34mINFO[0m	go-java-jar-encryption/main.go:21	å¯åŠ¨å®Œæˆ.............
2022-11-25 21:23:19.458	[34mINFO[0m	go-java-jar-encryption/main.go:26	æœåŠ¡é€€å‡º.............
2022-11-25 21:27:35.279	[34mINFO[0m	go-java-jar-encryption/main.go:21	å¯åŠ¨å®Œæˆ.............
2022-11-25 21:27:41.130	[34mINFO[0m	layout/layout_base.go:71	åŠ å¯†JARåŒ…è¾“å‡ºç›®å½•åœ°å€ï¼š/home/kongling/æ–‡æ¡£
2022-11-25 21:27:47.097	[34mINFO[0m	layout/layout_base.go:52	åŸå§‹JARåŒ…åœ°å€ï¼š/home/kongling/æ¡Œé¢/fishing_go/renren-admin.jar
2022-11-25 21:28:07.307	[34mINFO[0m	go-java-jar-encryption/main.go:26	æœåŠ¡é€€å‡º.............
2022-11-25 21:32:28.015	[34mINFO[0m	go-java-jar-encryption/main.go:21	å¯åŠ¨å®Œæˆ.............
2022-11-25 21:32:36.116	[34mINFO[0m	layout/layout_base.go:16	Responded withtrue
2022-11-25 21:32:44.733	[34mINFO[0m	layout/layout_base.go:16	Responded withtrue
2022-11-25 21:32:50.833	[34mINFO[0m	layout/layout_base.go:16	Responded withfalse
2022-11-25 21:32:53.216	[34mINFO[0m	layout/layout_base.go:99	æ‚¨å–æ¶ˆäº†jaråŒ…åŠ å¯†
2022-11-25 21:32:56.166	[34mINFO[0m	layout/layout_base.go:99	æ‚¨å–æ¶ˆäº†jaråŒ…åŠ å¯†
2022-11-25 21:33:00.144	[34mINFO[0m	go-java-jar-encryption/main.go:26	æœåŠ¡é€€å‡º.............
2022-11-25 21:37:44.498	[34mINFO[0m	go-java-jar-encryption/main.go:21	å¯åŠ¨å®Œæˆ.............
2022-11-25 21:37:49.399	[34mINFO[0m	layout/layout_base.go:108	æ‚¨å–æ¶ˆäº†jaråŒ…åŠ å¯†
2022-11-25 21:37:51.149	[34mINFO[0m	layout/layout_base.go:104	æ‚¨å–æ¶ˆäº†jaråŒ…åŠ å¯†
2022-11-25 21:38:02.316	[34mINFO[0m	layout/layout_base.go:104	æ‚¨å–æ¶ˆäº†jaråŒ…åŠ å¯†
2022-11-25 21:38:07.049	[34mINFO[0m	layout/layout_base.go:104	æ‚¨å–æ¶ˆäº†jaråŒ…åŠ å¯†
2022-11-25 21:38:11.121	[34mINFO[0m	go-java-jar-encryption/main.go:26	æœåŠ¡é€€å‡º.............
2022-11-25 21:38:43.349	[34mINFO[0m	go-java-jar-encryption/main.go:21	å¯åŠ¨å®Œæˆ.............
2022-11-25 21:39:17.951	[34mINFO[0m	go-java-jar-encryption/main.go:21	å¯åŠ¨å®Œæˆ.............
2022-11-25 21:41:03.926	[34mINFO[0m	go-java-jar-encryption/main.go:21	å¯åŠ¨å®Œæˆ.............
2022-11-25 21:42:19.167	[34mINFO[0m	go-java-jar-encryption/main.go:21	å¯åŠ¨å®Œæˆ.............
2022-11-25 21:42:23.868	[34mINFO[0m	layout/layout_base.go:107	æ‚¨å–æ¶ˆäº†jaråŒ…åŠ å¯†
2022-11-25 21:42:30.251	[34mINFO[0m	layout/layout_base.go:107	æ‚¨å–æ¶ˆäº†jaråŒ…åŠ å¯†
2022-11-25 21:43:07.685	[34mINFO[0m	layout/layout_base.go:107	æ‚¨å–æ¶ˆäº†jaråŒ…åŠ å¯†
2022-11-25 21:44:53.319	[34mINFO[0m	go-java-jar-encryption/main.go:21	å¯åŠ¨å®Œæˆ.............
2022-11-25 21:45:51.920	[34mINFO[0m	layout/layout_base.go:112	æ‚¨å–æ¶ˆäº†jaråŒ…åŠ å¯†
2022-11-25 21:45:53.571	[34mINFO[0m	layout/layout_base.go:112	æ‚¨å–æ¶ˆäº†jaråŒ…åŠ å¯†
2022-11-25 21:45:56.458	[34mINFO[0m	go-java-jar-encryption/main.go:26	æœåŠ¡é€€å‡º.............
2022-11-25 21:55:30.625	[34mINFO[0m	go-java-jar-encryption/main.go:21	å¯åŠ¨å®Œæˆ.............
2022-11-25 21:55:43.759	[34mINFO[0m	layout/layout_base.go:100	äºŒæ¬¡ç¡®è®¤æ‚¨å–æ¶ˆäº†jaråŒ…åŠ å¯†
2022-11-25 21:55:46.593	[34mINFO[0m	layout/layout_base.go:98	ä½ æäº¤äº†åŠ å¯†å‚æ•°
2022-11-25 21:55:55.634	[34mINFO[0m	go-java-jar-encryption/main.go:26	æœåŠ¡é€€å‡º.............
2022-11-25 21:56:00.720	[34mINFO[0m	go-java-jar-encryption/main.go:21	å¯åŠ¨å®Œæˆ.............
2022-11-25 21:56:08.704	[34mINFO[0m	layout/layout_base.go:98	ä½ æäº¤äº†åŠ å¯†å‚æ•°
2022-11-25 21:56:11.538	[34mINFO[0m	layout/layout_base.go:105	æ‚¨å–æ¶ˆäº†jaråŒ…åŠ å¯†
2022-11-25 21:56:13.021	[34mINFO[0m	layout/layout_base.go:105	æ‚¨å–æ¶ˆäº†jaråŒ…åŠ å¯†
2022-11-25 21:56:15.054	[34mINFO[0m	go-java-jar-encryption/main.go:26	æœåŠ¡é€€å‡º.............
2022-11-25 21:57:05.120	[34mINFO[0m	go-java-jar-encryption/main.go:21	å¯åŠ¨å®Œæˆ.............
2022-11-25 21:57:10.571	[34mINFO[0m	layout/layout_base.go:98	ä½ æäº¤äº†åŠ å¯†å‚æ•°...
2022-11-25 21:57:10.571	[34mINFO[0m	layout/layout_base.go:100	qw
2022-11-25 21:57:16.170	[34mINFO[0m	layout/layout_base.go:107	æ‚¨å–æ¶ˆäº†jaråŒ…åŠ å¯†
2022-11-25 21:57:17.835	[34mINFO[0m	go-java-jar-encryption/main.go:26	æœåŠ¡é€€å‡º.............
2022-11-26 08:40:43.351	[34mINFO[0m	go-java-jar-encryption/main.go:21	å¯åŠ¨å®Œæˆ.............
2022-11-26 08:41:18.958	[34mINFO[0m	go-java-jar-encryption/main.go:26	æœåŠ¡é€€å‡º.............
2022-11-26 09:21:24.249	[34mINFO[0m	go-java-jar-encryption/main.go:21	å¯åŠ¨å®Œæˆ.............
2022-11-26 09:21:50.467	[34mINFO[0m	layout/layout_base.go:107	æ‚¨å–æ¶ˆäº†jaråŒ…åŠ å¯†
2022-11-26 09:21:51.483	[34mINFO[0m	layout/layout_base.go:107	æ‚¨å–æ¶ˆäº†jaråŒ…åŠ å¯†
2022-11-26 09:21:51.749	[34mINFO[0m	layout/layout_base.go:107	æ‚¨å–æ¶ˆäº†jaråŒ…åŠ å¯†
2022-11-26 09:21:51.967	[34mINFO[0m	layout/layout_base.go:107	æ‚¨å–æ¶ˆäº†jaråŒ…åŠ å¯†
2022-11-26 09:21:52.166	[34mINFO[0m	layout/layout_base.go:107	æ‚¨å–æ¶ˆäº†jaråŒ…åŠ å¯†
2022-11-26 09:21:53.017	[34mINFO[0m	layout/layout_base.go:107	æ‚¨å–æ¶ˆäº†jaråŒ…åŠ å¯†
2022-11-26 09:22:02.001	[34mINFO[0m	go-java-jar-encryption/main.go:26	æœåŠ¡é€€å‡º.............
2022-11-26 09:22:26.562	[34mINFO[0m	go-java-jar-encryption/main.go:21	å¯åŠ¨å®Œæˆ.............
2022-11-26 09:23:11.485	[34mINFO[0m	go-java-jar-encryption/main.go:26	æœåŠ¡é€€å‡º.............
2022-11-26 09:24:15.156	[34mINFO[0m	go-java-jar-encryption/main.go:21	å¯åŠ¨å®Œæˆ.............
2022-11-26 09:24:49.148	[34mINFO[0m	go-java-jar-encryption/main.go:26	æœåŠ¡é€€å‡º.............
2022-11-26 09:25:20.042	[34mINFO[0m	go-java-jar-encryption/main.go:21	å¯åŠ¨å®Œæˆ.............
2022-11-26 09:25:43.058	[34mINFO[0m	go-java-jar-encryption/main.go:26	æœåŠ¡é€€å‡º.............
2022-11-26 10:06:12.579	[34mINFO[0m	go-java-jar-encryption/main.go:21	å¯åŠ¨å®Œæˆ.............
2022-11-26 10:06:22.363	[34mINFO[0m	layout/layout_base.go:99	ä½ æäº¤äº†åŠ å¯†å‚æ•°...
2022-11-26 10:06:27.880	[34mINFO[0m	layout/layout_base.go:99	ä½ æäº¤äº†åŠ å¯†å‚æ•°...
2022-11-26 10:06:31.130	[34mINFO[0m	layout/layout_base.go:99	ä½ æäº¤äº†åŠ å¯†å‚æ•°...
2022-11-26 10:06:46.279	[34mINFO[0m	layout/layout_base.go:99	ä½ æäº¤äº†åŠ å¯†å‚æ•°...
2022-11-26 10:06:46.279	[34mINFO[0m	layout/layout_base.go:107	å¹³å°ï¼šw,åŸå§‹ï¼šweï¼Œè¾“å‡ºï¼šwe,åŠ å¯†å¼€å§‹...
2022-11-26 10:06:46.279	[34mINFO[0m	layout/layout_base.go:109	å¹³å°ï¼šw,åŸå§‹ï¼šweï¼Œè¾“å‡ºï¼šwe,åŠ å¯†ç»“æŸ...
2022-11-26 10:11:05.960	[34mINFO[0m	go-java-jar-encryption/main.go:21	å¯åŠ¨å®Œæˆ.............
2022-11-26 10:11:11.661	[34mINFO[0m	layout/layout_base.go:107	ä½ æäº¤äº†åŠ å¯†å‚æ•°...
2022-11-26 10:11:16.407	[34mINFO[0m	go-java-jar-encryption/main.go:26	æœåŠ¡é€€å‡º.............
2022-11-26 10:11:35.702	[34mINFO[0m	go-java-jar-encryption/main.go:21	å¯åŠ¨å®Œæˆ.............
2022-11-26 10:11:40.170	[34mINFO[0m	layout/layout_base.go:107	ä½ æäº¤äº†åŠ å¯†å‚æ•°...
2022-11-26 10:11:45.379	[34mINFO[0m	go-java-jar-encryption/main.go:26	æœåŠ¡é€€å‡º.............
